C51 COMPILER V9.60.7.0   LCD                                                               03/05/2023 18:20:54 PAGE 1   


C51 COMPILER V9.60.7.0, COMPILATION OF MODULE LCD
OBJECT MODULE PLACED IN .\Objects\lcd.obj
COMPILER INVOKED BY: C:\Keil_v5\C51\BIN\C51.EXE lcd.c OPTIMIZE(8,SPEED) BROWSE DEBUG OBJECTEXTEND PRINT(.\Listings\lcd.l
                    -st) TABS(2) OBJECT(.\Objects\lcd.obj)

line level    source

   1          #include <at89c5131.h>
   2          #include "lcd.h"
   3          
   4          code unsigned char display_msg1[]="   EE337-2023   ";           //Display msg on 1st line of lcd
   5          code unsigned char display_msg2[]="a";            //Display msg on 1st line of lcd
   6          code unsigned char display_msg3[]="b";            //Display msg on 1st line of lcd
   7          void main()
   8          {
   9   1        unsigned char array[6],i;
  10   1        lcd_init();
  11   1        lcd_cmd(0x80);                          //Move cursor to first line
  12   1        msdelay(4);
  13   1        lcd_write_string(display_msg1);
  14   1        for(i=0;i<=5;i++){
  15   2          array[i]=i+34;
  16   2          lcd_cmd(0xC0);                          //Move cursor to 2nd line of LCD
  17   2          msdelay(4);
  18   2          lcd_write_string(array);
  19   2          msdelay(1000);
  20   2        }
  21   1          while(1);
  22   1          
  23   1      }


MODULE INFORMATION:   STATIC OVERLAYABLE
   CODE SIZE        =    233    ----
   CONSTANT SIZE    =     21    ----
   XDATA SIZE       =   ----    ----
   PDATA SIZE       =   ----    ----
   DATA SIZE        =   ----      10
   IDATA SIZE       =   ----    ----
   BIT SIZE         =   ----    ----
END OF MODULE INFORMATION.


C51 COMPILATION COMPLETE.  0 WARNING(S),  0 ERROR(S)
