C51 COMPILER V9.60.7.0   STOPWATCH                                                         03/13/2023 09:51:14 PAGE 1   


C51 COMPILER V9.60.7.0, COMPILATION OF MODULE STOPWATCH
OBJECT MODULE PLACED IN .\Objects\stopwatch.obj
COMPILER INVOKED BY: C:\Keil_v5\C51\BIN\C51.EXE stopwatch.c OPTIMIZE(8,SPEED) BROWSE DEBUG OBJECTEXTEND PRINT(.\Listings
                    -\stopwatch.lst) TABS(2) OBJECT(.\Objects\stopwatch.obj)

line level    source

   1          #include <at89c5131.h>
   2          #include "lcd.h"
   3          
   4          code unsigned char display_msg[]="   STOP WATCH   ";
   5          code unsigned char key[]="0123456789";
   6          sbit SW=P1^0;
   7          sbit WAVE=P3^4;
   8          unsigned char cnt ;
   9          unsigned char time[]="      00:00     ";
  10          
  11          //interrupt_subroutine
  12          void timer0_isr () interrupt 1{
  13   1        cnt=cnt+1;
  14   1        lcd_cmd(0xC0);
  15   1        time[10] = key[(cnt%60)%10];
  16   1        time[9] = key[(cnt%60)/10];
  17   1        time[8] = ':';
  18   1        time[7] = key[((cnt/60)%10)];
  19   1        time[6] = key[((cnt/60)/10)];
  20   1        lcd_write_string(time);
  21   1        TH0 = 0xFF;
  22   1        TL0 = 0xC4;
  23   1      }
  24          
  25          void timer1_isr () interrupt 3
  26          {   
  27   1         WAVE = ~WAVE;
  28   1          TL1 = 0xE6; //Starting Count value
  29   1          TH1 = 0xBE;
  30   1         //Reload values for TH1 and TL1. Start timer 1.
  31   1         
  32   1      }
  33          
  34          //Main function
  35          void main(void){
  36   1        cnt=0;
  37   1        P1=0x0F;
  38   1        TMOD = 0x15; //timer0 as counter in mode1
  39   1        TH0 = 0xFF; //-60
  40   1        TL0 = 0xF2;
  41   1        TL1 = 0xE6; //Starting Count value
  42   1        TH1 = 0xBE;
  43   1        ET0 = 1; //activate interrupts for both timers
  44   1        ET1 = 1;
  45   1        EA = 1;  //activate global interrupts
  46   1        TR1=1;
  47   1        lcd_cmd(0x80);                          
  48   1        msdelay(4);
  49   1        lcd_write_string(display_msg);
  50   1        msdelay(4);
  51   1        lcd_cmd(0xC0);
  52   1        msdelay(4);
  53   1        lcd_write_string(time);
  54   1        while(1){
C51 COMPILER V9.60.7.0   STOPWATCH                                                         03/13/2023 09:51:14 PAGE 2   

  55   2          if( SW == 1){
  56   3            TR0 = 1; //start timer 0
  57   3          }
  58   2          else{
  59   3            TR0 = 0; //stop timer 0
  60   3          }
  61   2        }
  62   1      }


MODULE INFORMATION:   STATIC OVERLAYABLE
   CODE SIZE        =    374    ----
   CONSTANT SIZE    =     28    ----
   XDATA SIZE       =   ----    ----
   PDATA SIZE       =   ----    ----
   DATA SIZE        =     18       3
   IDATA SIZE       =   ----    ----
   BIT SIZE         =   ----    ----
END OF MODULE INFORMATION.


C51 COMPILATION COMPLETE.  0 WARNING(S),  0 ERROR(S)
